<?xml version="1.0" encoding="UTF-8"?>
<!-- Generated by org.testng.reporters.JUnitReportReporter -->
<testsuite hostname="DESKTOP-O037B5U" failures="0" tests="4" name="Library.Addbook" time="4.552" errors="0" timestamp="2022-08-05T16:04:53 IST" skipped="0">
  <testcase classname="Library.Addbook" name="addbook" time="3.584"/>
  <system-out/>
  <testcase classname="Library.Addbook" name="addbook" time="0.320"/>
  <system-out/>
  <testcase classname="Library.Addbook" name="addbook" time="0.308"/>
  <system-out/>
  <testcase classname="Library.Addbook" name="addbook" time="0.340"/>
  <system-out/>
</testsuite> <!-- Library.Addbook -->
