<?xml version="1.0" encoding="UTF-8"?>
<!-- Generated by org.testng.reporters.JUnitReportReporter -->
<testsuite hostname="DESKTOP-O037B5U" failures="0" tests="1" name="Sum" time="2.451" errors="0" timestamp="2022-08-04T15:02:31 IST" skipped="0">
  <testcase classname="Sum" name="sum1" time="2.451"/>
  <system-out/>
</testsuite> <!-- Sum -->
